<?xml version="1.0" encoding="UTF-8"?>
<!-- Generated by org.testng.reporters.JUnitReportReporter -->
<testsuite hostname="PN1030UZ2591991" failures="0" tests="2" name="test.EKRWorkflow" time="7.567" errors="0" timestamp="2021-12-20T16:01:58 CET" skipped="0">
  <testcase classname="test.EKRWorkflow" name="startPage" time="4.211"/>
  <system-out/>
  <testcase classname="test.EKRWorkflow" name="secondPage" time="3.356"/>
  <system-out/>
</testsuite> <!-- test.EKRWorkflow -->
